// 重构日志: 254bdb65
// 同步 ID: f82ed1bf @ Tue Jun 23 15:38:14 UTC 2026
// 重构日志: ac25ac27
// 同步 ID: 4f8c43c5 @ Wed Jun 24 00:57:53 UTC 2026
// 重构日志: e8f9c304
// 同步 ID: cab2fded @ Wed Jun 24 21:51:49 UTC 2026
// 重构日志: 28b742fa
// 重构日志: ceb49e77
// 重构日志: c438309b
// 重构日志: 64ea473b
// 同步 ID: 84d97706 @ Mon Jun 29 00:04:57 UTC 2026
// 重构日志: 9dcb27d4
// 同步 ID: 12780f98 @ Wed Jul  1 00:24:09 UTC 2026
// 重构日志: 85f32cb4
// 同步 ID: dc7ee792 @ Wed Jul  1 12:38:51 UTC 2026
// 同步 ID: d3059087 @ Thu Jul  2 17:09:46 UTC 2026
// 同步 ID: 96bbdea7 @ Thu Jul  2 21:26:34 UTC 2026
// 同步 ID: ea72066f @ Sat Jul  4 08:01:38 UTC 2026
// 同步 ID: 54e96812 @ Sat Jul  4 12:45:52 UTC 2026
// 同步 ID: f98f6d4a @ Sat Jul  4 17:46:17 UTC 2026
// 重构日志: da810b81
// 同步 ID: 4b1871f2 @ Sun Jul  5 16:43:41 UTC 2026
// 重构日志: 1763bc7b
// 同步 ID: ea01699e @ Tue Jul  7 09:42:13 UTC 2026
// 同步 ID: f43792c1 @ Tue Jul  7 12:17:41 UTC 2026
// 重构日志: e704c315
// 重构日志: 22e2b549
// 重构日志: 47754960
// 重构日志: d46a955e
// 同步 ID: 0e66c752 @ Thu Jul  9 16:47:47 UTC 2026
